
> crypto-market-cap-rank@0.1.0 dev
> nodemon src/server.js

[33m[nodemon] 3.1.10[39m
[33m[nodemon] to restart at any time, enter `rs`[39m
[33m[nodemon] watching path(s): *.*[39m
[33m[nodemon] watching extensions: js,mjs,cjs,json[39m
[32m[nodemon] starting `node src/server.js`[39m
Watchpack Error (watcher): Error: EMFILE: too many open files, watch
Watchpack Error (watcher): Error: EMFILE: too many open files, watch
Watchpack Error (watcher): Error: EMFILE: too many open files, watch
Watchpack Error (watcher): Error: EMFILE: too many open files, watch
Watchpack Error (watcher): Error: EMFILE: too many open files, watch
Watchpack Error (watcher): Error: EMFILE: too many open files, watch
Watchpack Error (watcher): Error: EMFILE: too many open files, watch
Watchpack Error (watcher): Error: EMFILE: too many open files, watch
 тип uncaughtException: Error: listen EPERM: operation not permitted 127.0.0.1:3000
    at Server.setupListenHandle [as _listen2] (node:net:1918:21)
    at listenInCluster (node:net:1997:12)
    at node:net:2206:7
    at process.processTicksAndRejections (node:internal/process/task_queues:90:21) {
  code: 'EPERM',
  errno: -1,
  syscall: 'listen',
  address: '127.0.0.1',
  port: 3000
}
 тип uncaughtException: Error: listen EPERM: operation not permitted 127.0.0.1:3000
    at Server.setupListenHandle [as _listen2] (node:net:1918:21)
    at listenInCluster (node:net:1997:12)
    at node:net:2206:7
    at process.processTicksAndRejections (node:internal/process/task_queues:90:21) {
  code: 'EPERM',
  errno: -1,
  syscall: 'listen',
  address: '127.0.0.1',
  port: 3000
}
[32m[nodemon] clean exit - waiting for changes before restart[39m
